<?xml version="1.0" encoding="UTF-8"?>
<!-- Generated by org.testng.reporters.JUnitXMLReporter -->
<testsuite ignored="0" hostname="cce231e4e28c5fa" failures="0" tests="6" name="suite_example" time="0.091" errors="0" timestamp="2023-03-31T00:41:23 IST">
  <testcase classname="com.ust.test.FirstTest" name="f" time="0.008"/>
  <testcase classname="com.ust.test.FirstTest" name="a" time="0.002"/>
  <testcase classname="com.ust.test.SecondTest" name="f" time="0.001"/>
  <testcase classname="com.ust.test.SecondTest" name="a" time="0.001"/>
  <testcase classname="com.ust.test.ThirdTest" name="f" time="0.001"/>
  <testcase classname="com.ust.test.ThirdTest" name="a" time="0.001"/>
</testsuite> <!-- suite_example -->
